[10/22/2020, 8:27:12 PM] DEBUG [ 'Database directory: /uac/rshr/zmwu/nni-experiments/trvaanJe/db' ]
[10/22/2020, 8:27:13 PM] INFO [ 'Datastore initialization done' ]
[10/22/2020, 8:27:13 PM] INFO [ 'RestServer start' ]
[10/22/2020, 8:27:13 PM] INFO [ 'Construct local machine training service.' ]
[10/22/2020, 8:27:13 PM] INFO [ 'RestServer base port is 8115' ]
[10/22/2020, 8:27:13 PM] INFO [ 'Rest server listening on: http://0.0.0.0:8115' ]
[10/22/2020, 8:27:13 PM] DEBUG [ 'GET: /check-status: body:\n{}' ]
[10/22/2020, 8:27:13 PM] DEBUG [ 'PUT: /experiment/cluster-metadata: body:\n{\n    "local_config": {\n        "gpuIndices": "0"\n    }\n}' ]
[10/22/2020, 8:27:13 PM] INFO [ 'NNIManager setClusterMetadata, key: local_config, value: {"gpuIndices":"0"}' ]
[10/22/2020, 8:27:13 PM] INFO [ 'Specified GPU indices: 0' ]
[10/22/2020, 8:27:13 PM] DEBUG [ 'PUT: /experiment/cluster-metadata: body:\n{\n    "trial_config": {\n        "command": "python wrap_program_mbart.py",\n        "codeDir": "/research/d3/zmwu/model/mbart/.",\n        "gpuNum": 1\n    }\n}' ]
[10/22/2020, 8:27:13 PM] INFO [ 'NNIManager setClusterMetadata, key: trial_config, value: {"command":"python wrap_program_mbart.py","codeDir":"/research/d3/zmwu/model/mbart/.","gpuNum":1}' ]
[10/22/2020, 8:27:13 PM] INFO [ 'required GPU number is 1' ]
[10/22/2020, 8:27:13 PM] DEBUG [ 'POST: /experiment: body:\n{\n    "authorName": "lscm",\n    "experimentName": "MBART",\n    "trialConcurrency": 1,\n    "maxExecDuration": 144000,\n    "maxTrialNum": 9999,\n    "searchSpace": "{\\"dropout\\": {\\"_type\\": \\"choice\\", \\"_value\\": [0.0, 0.1, 0.2, 0.3]}, \\"label_smooth\\": {\\"_type\\": \\"choice\\", \\"_value\\": [0.1, 0.2, 0.3]}, \\"lr\\": {\\"_type\\": \\"choice\\", \\"_value\\": [1e-05, 2e-05, 3e-05, 4e-05, 5e-05, 6e-05]}, \\"lr_scheduler\\": {\\"_type\\": \\"choice\\", \\"_value\\": [\\"inverse_sqrt\\", \\"polynomial_decay\\"]}, \\"warmup_update\\": {\\"_type\\": \\"choice\\", \\"_value\\": [2500, 3000, 3500, 4000, 4500, 5000]}, \\"optimizer\\": {\\"_type\\": \\"choice\\", \\"_value\\": [\\"adagrad\\", \\"adam\\"]}, \\"inter_op_parallelism_threads\\": {\\"_type\\": \\"choice\\", \\"_value\\": [1, 2, 3, 4]}, \\"intra_op_parallelism_threads\\": {\\"_type\\": \\"choice\\", \\"_value\\": [2, 4, 6, 8, 10, 12]}, \\"benchmark\\": {\\"_type\\": \\"choice\\", \\"_value\\": [0, 1]}, \\"allow_tf32\\": {\\"_type\\": \\"choice\\", \\"_value\\": [0, 1]}}",\n    "trainingServicePlatform": "local",\n    "tuner": {\n        "builtinTunerName": "CUHKPrototypeTuner"\n    },\n    "versionCheck": false,\n    "clusterMetaData": [\n        {\n            "key": "codeDir",\n            "value": "/research/d3/zmwu/model/mbart/."\n        },\n        {\n            "key": "command",\n            "value": "python wrap_program_mbart.py"\n        }\n    ]\n}' ]
[10/22/2020, 8:27:13 PM] INFO [ 'Starting experiment: trvaanJe' ]
[10/22/2020, 8:27:13 PM] DEBUG [ 'Setup tuner...' ]
[10/22/2020, 8:27:13 PM] DEBUG [ 'dispatcher command: python3 -m nni --exp_params eyJhdXRob3JOYW1lIjoibHNjbSIsImV4cGVyaW1lbnROYW1lIjoiTUJBUlQiLCJ0cmlhbENvbmN1cnJlbmN5IjoxLCJtYXhFeGVjRHVyYXRpb24iOjE0NDAwMCwibWF4VHJpYWxOdW0iOjk5OTksInRyYWluaW5nU2VydmljZVBsYXRmb3JtIjoibG9jYWwiLCJ0dW5lciI6eyJidWlsdGluVHVuZXJOYW1lIjoiQ1VIS1Byb3RvdHlwZVR1bmVyIn0sInZlcnNpb25DaGVjayI6ZmFsc2UsImNsdXN0ZXJNZXRhRGF0YSI6W3sia2V5IjoiY29kZURpciIsInZhbHVlIjoiL3Jlc2VhcmNoL2QzL3ptd3UvbW9kZWwvbWJhcnQvLiJ9LHsia2V5IjoiY29tbWFuZCIsInZhbHVlIjoicHl0aG9uIHdyYXBfcHJvZ3JhbV9tYmFydC5weSJ9XX0=' ]
[10/22/2020, 8:27:13 PM] INFO [ 'Change NNIManager status from: INITIALIZED to: RUNNING' ]
[10/22/2020, 8:27:13 PM] INFO [ 'Add event listeners' ]
[10/22/2020, 8:27:13 PM] DEBUG [ 'Send tuner command: INITIALIZE: {"dropout": {"_type": "choice", "_value": [0.0, 0.1, 0.2, 0.3]}, "label_smooth": {"_type": "choice", "_value": [0.1, 0.2, 0.3]}, "lr": {"_type": "choice", "_value": [1e-05, 2e-05, 3e-05, 4e-05, 5e-05, 6e-05]}, "lr_scheduler": {"_type": "choice", "_value": ["inverse_sqrt", "polynomial_decay"]}, "warmup_update": {"_type": "choice", "_value": [2500, 3000, 3500, 4000, 4500, 5000]}, "optimizer": {"_type": "choice", "_value": ["adagrad", "adam"]}, "inter_op_parallelism_threads": {"_type": "choice", "_value": [1, 2, 3, 4]}, "intra_op_parallelism_threads": {"_type": "choice", "_value": [2, 4, 6, 8, 10, 12]}, "benchmark": {"_type": "choice", "_value": [0, 1]}, "allow_tf32": {"_type": "choice", "_value": [0, 1]}}' ]
[10/22/2020, 8:27:13 PM] DEBUG [ 'ipcInterface command type: [IN], content:[{"dropout": {"_type": "choice", "_value": [0.0, 0.1, 0.2, 0.3]}, "label_smooth": {"_type": "choice", "_value": [0.1, 0.2, 0.3]}, "lr": {"_type": "choice", "_value": [1e-05, 2e-05, 3e-05, 4e-05, 5e-05, 6e-05]}, "lr_scheduler": {"_type": "choice", "_value": ["inverse_sqrt", "polynomial_decay"]}, "warmup_update": {"_type": "choice", "_value": [2500, 3000, 3500, 4000, 4500, 5000]}, "optimizer": {"_type": "choice", "_value": ["adagrad", "adam"]}, "inter_op_parallelism_threads": {"_type": "choice", "_value": [1, 2, 3, 4]}, "intra_op_parallelism_threads": {"_type": "choice", "_value": [2, 4, 6, 8, 10, 12]}, "benchmark": {"_type": "choice", "_value": [0, 1]}, "allow_tf32": {"_type": "choice", "_value": [0, 1]}}]' ]
[10/22/2020, 8:27:13 PM] DEBUG [ 'ipcInterface command type: [PI], content:[]' ]
[10/22/2020, 8:27:13 PM] INFO [ 'Run local machine training service.' ]
[10/22/2020, 8:27:14 PM] INFO [ 'NNIManager received command from dispatcher: ID, ' ]
[10/22/2020, 8:27:14 PM] DEBUG [ 'ipcInterface command type: [GE], content:[1]' ]
[10/22/2020, 8:27:14 PM] INFO [ 'NNIManager received command from dispatcher: TR, {"parameter_id": 0, "parameter_source": "algorithm", "parameters": {"dropout": 0.0, "label_smooth": 0.1, "lr": 4e-05, "lr_scheduler": "inverse_sqrt", "warmup_update": 3000, "optimizer": "adagrad", "inter_op_parallelism_threads": 3, "intra_op_parallelism_threads": 8, "benchmark": 1, "allow_tf32": 1}, "parameter_index": 0}' ]
[10/22/2020, 8:27:18 PM] DEBUG [ 'ipcInterface command type: [PI], content:[]' ]
[10/22/2020, 8:27:18 PM] INFO [ 'submitTrialJob: form: {"sequenceId":0,"hyperParameters":{"value":"{\\"parameter_id\\": 0, \\"parameter_source\\": \\"algorithm\\", \\"parameters\\": {\\"dropout\\": 0.0, \\"label_smooth\\": 0.1, \\"lr\\": 4e-05, \\"lr_scheduler\\": \\"inverse_sqrt\\", \\"warmup_update\\": 3000, \\"optimizer\\": \\"adagrad\\", \\"inter_op_parallelism_threads\\": 3, \\"intra_op_parallelism_threads\\": 8, \\"benchmark\\": 1, \\"allow_tf32\\": 1}, \\"parameter_index\\": 0}","index":0}}' ]
[10/22/2020, 8:27:18 PM] DEBUG [ 'submitTrialJob: return: {"id":"zEDu6","status":"WAITING","submitTime":1603369638725,"workingDirectory":"/uac/rshr/zmwu/nni-experiments/trvaanJe/trials/zEDu6","form":{"sequenceId":0,"hyperParameters":{"value":"{\\"parameter_id\\": 0, \\"parameter_source\\": \\"algorithm\\", \\"parameters\\": {\\"dropout\\": 0.0, \\"label_smooth\\": 0.1, \\"lr\\": 4e-05, \\"lr_scheduler\\": \\"inverse_sqrt\\", \\"warmup_update\\": 3000, \\"optimizer\\": \\"adagrad\\", \\"inter_op_parallelism_threads\\": 3, \\"intra_op_parallelism_threads\\": 8, \\"benchmark\\": 1, \\"allow_tf32\\": 1}, \\"parameter_index\\": 0}","index":0}},"url":"file://localhost:/uac/rshr/zmwu/nni-experiments/trvaanJe/trials/zEDu6","gpuIndices":[]} ' ]
[10/22/2020, 8:27:18 PM] DEBUG [ 'storeTrialJobEvent: event: WAITING, data: {"parameter_id": 0, "parameter_source": "algorithm", "parameters": {"dropout": 0.0, "label_smooth": 0.1, "lr": 4e-05, "lr_scheduler": "inverse_sqrt", "warmup_update": 3000, "optimizer": "adagrad", "inter_op_parallelism_threads": 3, "intra_op_parallelism_threads": 8, "benchmark": 1, "allow_tf32": 1}, "parameter_index": 0}, jobDetail: {"id":"zEDu6","status":"WAITING","submitTime":1603369638725,"workingDirectory":"/uac/rshr/zmwu/nni-experiments/trvaanJe/trials/zEDu6","form":{"sequenceId":0,"hyperParameters":{"value":"{\\"parameter_id\\": 0, \\"parameter_source\\": \\"algorithm\\", \\"parameters\\": {\\"dropout\\": 0.0, \\"label_smooth\\": 0.1, \\"lr\\": 4e-05, \\"lr_scheduler\\": \\"inverse_sqrt\\", \\"warmup_update\\": 3000, \\"optimizer\\": \\"adagrad\\", \\"inter_op_parallelism_threads\\": 3, \\"intra_op_parallelism_threads\\": 8, \\"benchmark\\": 1, \\"allow_tf32\\": 1}, \\"parameter_index\\": 0}","index":0}},"url":"file://localhost:/uac/rshr/zmwu/nni-experiments/trvaanJe/trials/zEDu6","gpuIndices":[]}' ]
[10/22/2020, 8:27:20 PM] DEBUG [ 'GET: /experiment: body:\n{}' ]
[10/22/2020, 8:27:20 PM] DEBUG [ 'GET: /trial-jobs: body:\n{}' ]
[10/22/2020, 8:27:20 PM] DEBUG [ 'GET: /metric-data: body:\n{}' ]
[10/22/2020, 8:27:20 PM] DEBUG [ 'getTrialJobsByReplayEvents begin' ]
[10/22/2020, 8:27:20 PM] DEBUG [ 'getTrialJobsByReplayEvents done' ]
[10/22/2020, 8:27:20 PM] DEBUG [ 'GET: /check-status: body:\n{}' ]
[10/22/2020, 8:27:20 PM] DEBUG [ 'GET: /metric-data: body:\n{}' ]
[10/22/2020, 8:27:20 PM] DEBUG [ 'GET: /trial-jobs: body:\n{}' ]
[10/22/2020, 8:27:20 PM] DEBUG [ 'getTrialJobsByReplayEvents begin' ]
[10/22/2020, 8:27:20 PM] DEBUG [ 'getTrialJobsByReplayEvents done' ]
[10/22/2020, 8:27:20 PM] DEBUG [ 'GET: /version: body:\n{}' ]
[10/22/2020, 8:27:23 PM] DEBUG [ 'ipcInterface command type: [PI], content:[]' ]
[10/22/2020, 8:27:26 PM] DEBUG [ 'GET: /trial-jobs: body:\n{}' ]
[10/22/2020, 8:27:26 PM] DEBUG [ 'GET: /experiment: body:\n{}' ]
[10/22/2020, 8:27:26 PM] DEBUG [ 'getTrialJobsByReplayEvents begin' ]
[10/22/2020, 8:27:26 PM] DEBUG [ 'getTrialJobsByReplayEvents done' ]
[10/22/2020, 8:27:28 PM] DEBUG [ 'ipcInterface command type: [PI], content:[]' ]
[10/22/2020, 8:27:31 PM] DEBUG [ 'GET: /check-status: body:\n{}' ]
[10/22/2020, 8:27:32 PM] DEBUG [ 'GET: /metric-data: body:\n{}' ]
[10/22/2020, 8:27:33 PM] DEBUG [ 'GET: /trial-log/zEDu6/TRIAL_LOG: body:\n{}' ]
[10/22/2020, 8:27:33 PM] ERROR [ { Error: ENOENT: no such file or directory, open '/uac/rshr/zmwu/nni-experiments/trvaanJe/trials/zEDu6/trial.log'
    errno: -2,
    code: 'ENOENT',
    syscall: 'open',
    path:
     '/uac/rshr/zmwu/nni-experiments/trvaanJe/trials/zEDu6/trial.log' } ]
[10/22/2020, 8:27:33 PM] DEBUG [ 'ipcInterface command type: [PI], content:[]' ]
[10/22/2020, 8:27:38 PM] DEBUG [ 'ipcInterface command type: [PI], content:[]' ]
[10/22/2020, 8:27:40 PM] DEBUG [ 'GET: /trial-log/zEDu6/TRIAL_ERROR: body:\n{}' ]
[10/22/2020, 8:27:40 PM] ERROR [ { Error: ENOENT: no such file or directory, open '/uac/rshr/zmwu/nni-experiments/trvaanJe/trials/zEDu6/stderr'
    errno: -2,
    code: 'ENOENT',
    syscall: 'open',
    path:
     '/uac/rshr/zmwu/nni-experiments/trvaanJe/trials/zEDu6/stderr' } ]
[10/22/2020, 8:27:43 PM] DEBUG [ 'GET: /experiment: body:\n{}' ]
[10/22/2020, 8:27:43 PM] DEBUG [ 'GET: /trial-jobs: body:\n{}' ]
[10/22/2020, 8:27:43 PM] DEBUG [ 'getTrialJobsByReplayEvents begin' ]
[10/22/2020, 8:27:43 PM] DEBUG [ 'getTrialJobsByReplayEvents done' ]
[10/22/2020, 8:27:43 PM] DEBUG [ 'GET: /metric-data: body:\n{}' ]
[10/22/2020, 8:27:43 PM] DEBUG [ 'GET: /check-status: body:\n{}' ]
[10/22/2020, 8:27:43 PM] DEBUG [ 'ipcInterface command type: [PI], content:[]' ]
[10/22/2020, 8:27:48 PM] DEBUG [ 'ipcInterface command type: [PI], content:[]' ]
[10/22/2020, 8:27:53 PM] DEBUG [ 'ipcInterface command type: [PI], content:[]' ]
[10/22/2020, 8:27:56 PM] DEBUG [ 'GET: /metric-data: body:\n{}' ]
[10/22/2020, 8:27:56 PM] DEBUG [ 'GET: /experiment: body:\n{}' ]
[10/22/2020, 8:27:56 PM] DEBUG [ 'GET: /trial-jobs: body:\n{}' ]
[10/22/2020, 8:27:56 PM] DEBUG [ 'getTrialJobsByReplayEvents begin' ]
[10/22/2020, 8:27:56 PM] DEBUG [ 'getTrialJobsByReplayEvents done' ]
[10/22/2020, 8:27:58 PM] DEBUG [ 'GET: /check-status: body:\n{}' ]
[10/22/2020, 8:27:58 PM] DEBUG [ 'ipcInterface command type: [PI], content:[]' ]
[10/22/2020, 8:28:03 PM] DEBUG [ 'ipcInterface command type: [PI], content:[]' ]
[10/22/2020, 8:28:08 PM] DEBUG [ 'ipcInterface command type: [PI], content:[]' ]
[10/22/2020, 8:28:09 PM] DEBUG [ 'GET: /trial-jobs: body:\n{}' ]
[10/22/2020, 8:28:09 PM] DEBUG [ 'GET: /experiment: body:\n{}' ]
[10/22/2020, 8:28:09 PM] DEBUG [ 'GET: /metric-data: body:\n{}' ]
[10/22/2020, 8:28:09 PM] DEBUG [ 'getTrialJobsByReplayEvents begin' ]
[10/22/2020, 8:28:09 PM] DEBUG [ 'getTrialJobsByReplayEvents done' ]
[10/22/2020, 8:28:09 PM] DEBUG [ 'GET: /check-status: body:\n{}' ]
[10/22/2020, 8:28:13 PM] DEBUG [ 'ipcInterface command type: [PI], content:[]' ]
[10/22/2020, 8:28:18 PM] DEBUG [ 'ipcInterface command type: [PI], content:[]' ]
[10/22/2020, 8:28:21 PM] DEBUG [ 'GET: /experiment: body:\n{}' ]
[10/22/2020, 8:28:21 PM] DEBUG [ 'GET: /trial-jobs: body:\n{}' ]
[10/22/2020, 8:28:21 PM] DEBUG [ 'GET: /metric-data: body:\n{}' ]
[10/22/2020, 8:28:21 PM] DEBUG [ 'GET: /check-status: body:\n{}' ]
[10/22/2020, 8:28:21 PM] DEBUG [ 'getTrialJobsByReplayEvents begin' ]
[10/22/2020, 8:28:21 PM] DEBUG [ 'getTrialJobsByReplayEvents done' ]
[10/22/2020, 8:28:23 PM] DEBUG [ 'ipcInterface command type: [PI], content:[]' ]
[10/22/2020, 8:28:28 PM] DEBUG [ 'ipcInterface command type: [PI], content:[]' ]
[10/22/2020, 8:28:31 PM] DEBUG [ 'GET: /experiment: body:\n{}' ]
[10/22/2020, 8:28:31 PM] DEBUG [ 'GET: /trial-jobs: body:\n{}' ]
[10/22/2020, 8:28:31 PM] DEBUG [ 'GET: /metric-data: body:\n{}' ]
[10/22/2020, 8:28:31 PM] DEBUG [ 'GET: /check-status: body:\n{}' ]
[10/22/2020, 8:28:31 PM] DEBUG [ 'getTrialJobsByReplayEvents begin' ]
[10/22/2020, 8:28:31 PM] DEBUG [ 'getTrialJobsByReplayEvents done' ]
[10/22/2020, 8:28:33 PM] DEBUG [ 'ipcInterface command type: [PI], content:[]' ]
